[2026-07-19T19:40:08.155Z] [info] %cDownload the React DevTools for a better development experience: https://reactjs.org/link/react-devtools font-weight:bold
[2026-07-19T19:41:05.178Z] [log] [Fast Refresh] rebuilding
[2026-07-19T19:41:06.019Z] [log] [Fast Refresh] done in 841ms
[2026-07-19T19:41:39.692Z] [info] %cDownload the React DevTools for a better development experience: https://reactjs.org/link/react-devtools font-weight:bold
[2026-07-19T19:41:41.964Z] [log] [Fast Refresh] rebuilding
[2026-07-19T19:41:42.547Z] [log] [Fast Refresh] done in 582ms
[2026-07-19T19:41:59.609Z] [info] %cDownload the React DevTools for a better development experience: https://reactjs.org/link/react-devtools font-weight:bold
[2026-07-19T19:42:10.242Z] [error] Warning: Function components cannot be given refs. Attempts to access this ref will fail. Did you mean to use React.forwardRef()?%s%s 

Check the render method of `DialogClose`. 
    at Button (webpack-internal:///(app-pages-browser)/./components/ui/button.tsx:41:11)
    at DialogClose (webpack-internal:///(app-pages-browser)/./node_modules/@base-ui/react/dialog/close/DialogClose.mjs:25:13)
    at div
    at FloatingFocusManager (webpack-internal:///(app-pages-browser)/./node_modules/@base-ui/react/floating-ui-react/components/FloatingFocusManager.mjs:148:13)
    at DialogPopup (webpack-internal:///(app-pages-browser)/./node_modules/@base-ui/react/dialog/popup/DialogPopup.mjs:48:13)
    at FloatingPortal (webpack-internal:///(app-pages-browser)/./node_modules/@base-ui/react/floating-ui-react/components/FloatingPortal.mjs:142:13)
    at DialogPortal (webpack-internal:///(app-pages-browser)/./node_modules/@base-ui/react/dialog/portal/DialogPortal.mjs:28:13)
    at SheetPortal (webpack-internal:///(app-pages-browser)/./components/ui/sheet.tsx:69:14)
    at SheetContent (webpack-internal:///(app-pages-browser)/./components/ui/sheet.tsx:94:11)
    at DialogRoot (webpack-internal:///(app-pages-browser)/./node_modules/@base-ui/react/dialog/root/DialogRoot.mjs:19:53)
    at Sheet (webpack-internal:///(app-pages-browser)/./components/ui/sheet.tsx:33:14)
    at AppSidebar (webpack-internal:///(app-pages-browser)/./components/dashboard/app-sidebar.tsx:83:142)
    at div
    at FloatingDelayGroup (webpack-internal:///(app-pages-browser)/./node_modules/@base-ui/react/floating-ui-react/components/FloatingDelayGroup.mjs:53:13)
    at TooltipProvider (webpack-internal:///(app-pages-browser)/./node_modules/@base-ui/react/tooltip/provider/TooltipProvider.mjs:21:13)
    at TooltipProvider (webpack-internal:///(app-pages-browser)/./components/ui/tooltip.tsx:21:11)
    at NavigationProvider (webpack-internal:///(app-pages-browser)/./components/dashboard/navigation-provider.tsx:18:11)
    at AppLayout (webpack-internal:///(app-pages-browser)/./components/dashboard/app-layout.tsx:103:11)
    at DashboardLayout (Server)
    at InnerLayoutRouter (webpack-internal:///(app-pages-browser)/./node_modules/next/dist/client/components/layout-router.js:243:11)
    at RedirectErrorBoundary (webpack-internal:///(app-pages-browser)/./node_modules/next/dist/client/components/redirect-boundary.js:74:9)
    at RedirectBoundary (webpack-internal:///(app-pages-browser)/./node_modules/next/dist/client/components/redirect-boundary.js:82:11)
    at NotFoundErrorBoundary (webpack-internal:///(app-pages-browser)/./node_modules/next/dist/client/components/not-found-boundary.js:76:9)
    at NotFoundBoundary (webpack-internal:///(app-pages-browser)/./node_modules/next/dist/client/components/not-found-boundary.js:84:11)
    at LoadingBoundary (webpack-internal:///(app-pages-browser)/./node_modules/next/dist/client/components/layout-router.js:349:11)
    at ErrorBoundary (webpack-internal:///(app-pages-browser)/./node_modules/next/dist/client/components/error-boundary.js:160:11)
    at InnerScrollAndFocusHandler (webpack-internal:///(app-pages-browser)/./node_modules/next/dist/client/components/layout-router.js:153:9)
    at ScrollAndFocusHandler (webpack-internal:///(app-pages-browser)/./node_modules/next/dist/client/components/layout-router.js:228:11)
    at RenderFromTemplateContext (webpack-internal:///(app-pages-browser)/./node_modules/next/dist/client/components/render-from-template-context.js:16:44)
    at OuterLayoutRouter (webpack-internal:///(app-pages-browser)/./node_modules/next/dist/client/components/layout-router.js:370:11)
    at body
    at html
    at RootLayout (Server)
    at RedirectErrorBoundary (webpack-internal:///(app-pages-browser)/./node_modules/next/dist/client/components/redirect-boundary.js:74:9)
    at RedirectBoundary (webpack-internal:///(app-pages-browser)/./node_modules/next/dist/client/components/redirect-boundary.js:82:11)
    at NotFoundErrorBoundary (webpack-internal:///(app-pages-browser)/./node_modules/next/dist/client/components/not-found-boundary.js:76:9)
    at NotFoundBoundary (webpack-internal:///(app-pages-browser)/./node_modules/next/dist/client/components/not-found-boundary.js:84:11)
    at DevRootNotFoundBoundary (webpack-internal:///(app-pages-browser)/./node_modules/next/dist/client/components/dev-root-not-found-boundary.js:33:11)
    at ReactDevOverlay (webpack-internal:///(app-pages-browser)/./node_modules/next/dist/client/components/react-dev-overlay/app/ReactDevOverlay.js:87:9)
    at HotReload (webpack-internal:///(app-pages-browser)/./node_modules/next/dist/client/components/react-dev-overlay/app/hot-reloader-client.js:321:11)
    at Router (webpack-internal:///(app-pages-browser)/./node_modules/next/dist/client/components/app-router.js:207:11)
    at ErrorBoundaryHandler (webpack-internal:///(app-pages-browser)/./node_modules/next/dist/client/components/error-boundary.js:113:9)
    at ErrorBoundary (webpack-internal:///(app-pages-browser)/./node_modules/next/dist/client/components/error-boundary.js:160:11)
    at AppRouter (webpack-internal:///(app-pages-browser)/./node_modules/next/dist/client/components/app-router.js:585:13)
    at ServerRoot (webpack-internal:///(app-pages-browser)/./node_modules/next/dist/client/app-index.js:112:27)
    at Root (webpack-internal:///(app-pages-browser)/./node_modules/next/dist/client/app-index.js:117:11)
[2026-07-19T19:42:54.343Z] [log] [Fast Refresh] rebuilding
[2026-07-19T19:42:56.895Z] [info] %cDownload the React DevTools for a better development experience: https://reactjs.org/link/react-devtools font-weight:bold
[2026-07-19T19:43:20.410Z] [log] [Fast Refresh] rebuilding
[2026-07-19T19:43:21.237Z] [log] [Fast Refresh] rebuilding
[2026-07-19T19:43:21.282Z] [log] [Fast Refresh] done in 43ms
[2026-07-19T19:43:23.398Z] [warning] [Fast Refresh] performing full reload

Fast Refresh will perform a full reload when you edit a file that's imported by modules outside of the React rendering tree.
You might have a file which exports a React component but also exports a value that is imported by a non-React component file.
Consider migrating the non-React component export to a separate file and importing it into both files.

It is also possible the parent component of the component you edited is a class component, which disables Fast Refresh.
Fast Refresh requires at least one parent function component in your React tree.
[2026-07-19T19:43:23.955Z] [error] Failed to load resource: the server responded with a status of 500 (Internal Server Error)
[2026-07-19T19:43:24.827Z] [info] %cDownload the React DevTools for a better development experience: https://reactjs.org/link/react-devtools font-weight:bold
[2026-07-19T19:43:27.110Z] [error] The above error occurred in the <NotFoundErrorBoundary> component:

    at Lazy
    at DashboardLayout (Server)
    at InnerLayoutRouter (webpack-internal:///(app-pages-browser)/./node_modules/next/dist/client/components/layout-router.js:243:11)
    at RedirectErrorBoundary (webpack-internal:///(app-pages-browser)/./node_modules/next/dist/client/components/redirect-boundary.js:74:9)
    at RedirectBoundary (webpack-internal:///(app-pages-browser)/./node_modules/next/dist/client/components/redirect-boundary.js:82:11)
    at NotFoundErrorBoundary (webpack-internal:///(app-pages-browser)/./node_modules/next/dist/client/components/not-found-boundary.js:76:9)
    at NotFoundBoundary (webpack-internal:///(app-pages-browser)/./node_modules/next/dist/client/components/not-found-boundary.js:84:11)
    at LoadingBoundary (webpack-internal:///(app-pages-browser)/./node_modules/next/dist/client/components/layout-router.js:349:11)
    at ErrorBoundary (webpack-internal:///(app-pages-browser)/./node_modules/next/dist/client/components/error-boundary.js:160:11)
    at InnerScrollAndFocusHandler (webpack-internal:///(app-pages-browser)/./node_modules/next/dist/client/components/layout-router.js:153:9)
    at ScrollAndFocusHandler (webpack-internal:///(app-pages-browser)/./node_modules/next/dist/client/components/layout-router.js:228:11)
    at RenderFromTemplateContext (webpack-internal:///(app-pages-browser)/./node_modules/next/dist/client/components/render-from-template-context.js:16:44)
    at OuterLayoutRouter (webpack-internal:///(app-pages-browser)/./node_modules/next/dist/client/components/layout-router.js:370:11)
    at body
    at html
    at RootLayout (Server)
    at RedirectErrorBoundary (webpack-internal:///(app-pages-browser)/./node_modules/next/dist/client/components/redirect-boundary.js:74:9)
    at RedirectBoundary (webpack-internal:///(app-pages-browser)/./node_modules/next/dist/client/components/redirect-boundary.js:82:11)
    at NotFoundErrorBoundary (webpack-internal:///(app-pages-browser)/./node_modules/next/dist/client/components/not-found-boundary.js:76:9)
    at NotFoundBoundary (webpack-internal:///(app-pages-browser)/./node_modules/next/dist/client/components/not-found-boundary.js:84:11)
    at DevRootNotFoundBoundary (webpack-internal:///(app-pages-browser)/./node_modules/next/dist/client/components/dev-root-not-found-boundary.js:33:11)
    at ReactDevOverlay (webpack-internal:///(app-pages-browser)/./node_modules/next/dist/client/components/react-dev-overlay/app/ReactDevOverlay.js:87:9)
    at HotReload (webpack-internal:///(app-pages-browser)/./node_modules/next/dist/client/components/react-dev-overlay/app/hot-reloader-client.js:321:11)
    at Router (webpack-internal:///(app-pages-browser)/./node_modules/next/dist/client/components/app-router.js:207:11)
    at ErrorBoundaryHandler (webpack-internal:///(app-pages-browser)/./node_modules/next/dist/client/components/error-boundary.js:113:9)
    at ErrorBoundary (webpack-internal:///(app-pages-browser)/./node_modules/next/dist/client/components/error-boundary.js:160:11)
    at AppRouter (webpack-internal:///(app-pages-browser)/./node_modules/next/dist/client/components/app-router.js:585:13)
    at ServerRoot (webpack-internal:///(app-pages-browser)/./node_modules/next/dist/client/app-index.js:112:27)
    at Root (webpack-internal:///(app-pages-browser)/./node_modules/next/dist/client/app-index.js:117:11)
    at ReactDevOverlay (webpack-internal:///(app-pages-browser)/./node_modules/next/dist/client/components/react-dev-overlay/app/ReactDevOverlay.js:87:9)

React will try to recreate this component tree from scratch using the error boundary you provided, ReactDevOverlay.
[2026-07-19T19:43:29.321Z] [log] [Fast Refresh] rebuilding
[2026-07-19T19:43:29.747Z] [log] [Fast Refresh] rebuilding
[2026-07-19T19:43:30.077Z] [warning] [Fast Refresh] performing full reload because your application had an unrecoverable error
[2026-07-19T19:43:30.656Z] [warning] [Fast Refresh] performing full reload because your application had an unrecoverable error
[2026-07-19T19:43:33.190Z] [info] %cDownload the React DevTools for a better development experience: https://reactjs.org/link/react-devtools font-weight:bold
[2026-07-19T19:44:01.173Z] [log] [Fast Refresh] rebuilding
[2026-07-19T19:44:01.787Z] [log] [Fast Refresh] done in 620ms

[2026-07-19T19:44:12.667Z] [info] %cDownload the React DevTools for a better development experience: https://reactjs.org/link/react-devtools font-weight:bold
[2026-07-19T19:44:13.489Z] [error] Failed to load resource: the server responded with a status of 401 (Unauthorized)
[2026-07-19T19:44:13.490Z] [error] Failed to load resource: the server responded with a status of 401 (Unauthorized)
