[2026-07-22T09:25:24.851Z] GET http://localhost:3000/dashboard/send-email → 200 (114ms, 7510B)
[2026-07-22T09:25:24.971Z] GET http://localhost:3000/_next/static/media/e4af272ccee01ff0-s.p.woff2 → 200 (11ms, 48432B)
[2026-07-22T09:25:24.971Z] GET http://localhost:3000/_next/static/css/app/layout.css?v=1784712324860 → 200 (5ms, 75856B)
[2026-07-22T09:25:24.971Z] GET http://localhost:3000/_next/static/chunks/webpack.js?v=1784712324860 → 200 (29ms, 56325B)
[2026-07-22T09:25:24.972Z] GET http://localhost:3000/_next/static/chunks/main-app.js?v=1784712324860 → 200 (635ms, ?B)
[2026-07-22T09:25:24.972Z] GET http://localhost:3000/_next/static/chunks/app-pages-internals.js → 200 (27ms, 132923B)
[2026-07-22T09:25:24.972Z] GET http://localhost:3000/_next/static/chunks/app/dashboard/send-email/page.js → 200 (208ms, 5176360B)
[2026-07-22T09:25:24.972Z] GET http://localhost:3000/_next/static/chunks/app/dashboard/layout.js → 200 (208ms, 4570583B)
[2026-07-22T09:25:24.972Z] GET http://localhost:3000/_next/static/chunks/app/dashboard/template.js → 200 (79ms, 1867855B)
[2026-07-22T09:25:24.972Z] GET http://localhost:3000/_next/static/chunks/app/layout.js → 200 (44ms, 234170B)
[2026-07-22T09:25:26.088Z] GET http://localhost:8000/api/me → 401 (2ms, 31B)
[2026-07-22T09:25:26.088Z] GET http://localhost:8000/api/me → 401 (1ms, 31B)
[2026-07-22T09:25:26.091Z] GET http://localhost:3000/login?_rsc=1bqs8 → pending (?ms, ?B)
[2026-07-22T09:25:27.054Z] GET http://localhost:3000/_next/static/webpack/e41574fdfdd45d21.webpack.hot-update.json → 200 (13ms, 31B)
[2026-07-22T09:25:27.072Z] GET http://localhost:3000/_next/static/webpack/webpack.e41574fdfdd45d21.hot-update.js → 200 (2ms, 858B)
[2026-07-22T09:25:27.137Z] GET http://localhost:3000/login?_rsc=tlsy5 → 200 (16ms, ?B)
[2026-07-22T09:25:27.158Z] GET http://localhost:3000/_next/static/chunks/app/login/page.js → 200 (63ms, 1945851B)
[2026-07-22T09:26:01.340Z] POST http://localhost:8000/api/login → 200 (6ms, 143B)
[2026-07-22T09:26:01.350Z] GET http://localhost:3000/dashboard?_rsc=1obve → pending (?ms, ?B)
[2026-07-22T09:26:01.923Z] GET http://localhost:3000/_next/static/webpack/fcc7d7cbd0f08342.webpack.hot-update.json → 200 (19ms, 31B)
[2026-07-22T09:26:01.944Z] GET http://localhost:3000/_next/static/webpack/webpack.fcc7d7cbd0f08342.hot-update.js → 200 (46ms, 858B)
[2026-07-22T09:26:01.989Z] GET http://localhost:8000/api/me → 200 (25ms, 143B)
[2026-07-22T09:26:01.989Z] GET http://localhost:8000/api/me → 200 (4ms, 143B)
[2026-07-22T09:26:02.014Z] GET http://localhost:3000/dashboard?_rsc=pcfej → 200 (16ms, ?B)
[2026-07-22T09:26:02.390Z] GET http://localhost:3000/dashboard/send-email → 200 (118ms, 7510B)
[2026-07-22T09:26:02.516Z] GET http://localhost:3000/_next/static/media/e4af272ccee01ff0-s.p.woff2 → 200 (?ms, ?B)
[2026-07-22T09:26:02.517Z] GET http://localhost:3000/_next/static/css/app/layout.css?v=1784712362402 → 200 (1ms, 75856B)
[2026-07-22T09:26:02.517Z] GET http://localhost:3000/_next/static/chunks/webpack.js?v=1784712362402 → 200 (12ms, 56325B)
[2026-07-22T09:26:02.517Z] GET http://localhost:3000/_next/static/chunks/main-app.js?v=1784712362402 → pending (?ms, ?B)
[2026-07-22T09:26:02.517Z] GET http://localhost:3000/_next/static/chunks/app-pages-internals.js → 200 (29ms, 132923B)
[2026-07-22T09:26:02.517Z] GET http://localhost:3000/_next/static/chunks/app/dashboard/send-email/page.js → pending (?ms, ?B)
[2026-07-22T09:26:02.517Z] GET http://localhost:3000/_next/static/chunks/app/dashboard/layout.js → pending (?ms, ?B)
[2026-07-22T09:26:02.517Z] GET http://localhost:3000/_next/static/chunks/app/dashboard/template.js → 200 (76ms, ?B)
[2026-07-22T09:26:02.517Z] GET http://localhost:3000/_next/static/chunks/app/layout.js → 200 (30ms, 234170B)
[2026-07-22T09:26:03.512Z] GET http://localhost:8000/api/me → 200 (33ms, 143B)
[2026-07-22T09:26:03.512Z] GET http://localhost:8000/api/me → 200 (1ms, 143B)
[2026-07-22T09:26:03.562Z] GET http://localhost:8000/api/prospects?page=1&limit=20&sort=created_at&order=desc → 200 (36ms, 1592B)
[2026-07-22T09:26:03.563Z] GET http://localhost:8000/api/prospects?page=1&limit=20&sort=created_at&order=desc → 200 (14ms, 1592B)
[2026-07-22T09:26:28.101Z] GET http://localhost:3000/dashboard → 200 (32ms, 7222B)
[2026-07-22T09:26:28.140Z] GET http://localhost:3000/_next/static/media/e4af272ccee01ff0-s.p.woff2 → 200 (?ms, ?B)
[2026-07-22T09:26:28.140Z] GET http://localhost:3000/_next/static/css/app/layout.css?v=1784712388112 → 200 (4ms, 75856B)
[2026-07-22T09:26:28.140Z] GET http://localhost:3000/_next/static/chunks/webpack.js?v=1784712388112 → 200 (11ms, 56325B)
[2026-07-22T09:26:28.141Z] GET http://localhost:3000/_next/static/chunks/main-app.js?v=1784712388112 → 200 (403ms, ?B)
[2026-07-22T09:26:28.141Z] GET http://localhost:3000/_next/static/chunks/app-pages-internals.js → 200 (28ms, 132923B)
[2026-07-22T09:26:28.141Z] GET http://localhost:3000/_next/static/chunks/app/dashboard/layout.js → 200 (192ms, 4570583B)
[2026-07-22T09:26:28.141Z] GET http://localhost:3000/_next/static/chunks/app/dashboard/template.js → 200 (73ms, 1867855B)
[2026-07-22T09:26:28.141Z] GET http://localhost:3000/_next/static/chunks/app/layout.js → 200 (28ms, 234170B)
[2026-07-22T09:26:28.950Z] GET http://localhost:8000/api/me → 200 (33ms, 143B)
[2026-07-22T09:26:28.950Z] GET http://localhost:8000/api/me → 200 (4ms, 143B)
[2026-07-22T09:26:45.154Z] GET http://localhost:3000/dashboard/settings → pending (?ms, ?B)
[2026-07-22T09:26:45.887Z] GET http://localhost:3000/_next/static/webpack/9e77c8035f7b89d1.webpack.hot-update.json → 200 (13ms, ?B)
[2026-07-22T09:26:45.905Z] GET http://localhost:3000/_next/static/webpack/webpack.9e77c8035f7b89d1.hot-update.js → pending (?ms, ?B)
[2026-07-22T09:26:46.083Z] GET http://localhost:3000/_next/static/media/e4af272ccee01ff0-s.p.woff2 → 200 (1ms, ?B)
[2026-07-22T09:26:46.085Z] GET http://localhost:3000/_next/static/css/app/layout.css?v=1784712405956 → 200 (6ms, 75856B)
[2026-07-22T09:26:46.085Z] GET http://localhost:3000/_next/static/chunks/webpack.js?v=1784712405956 → 200 (7ms, 56325B)
[2026-07-22T09:26:46.085Z] GET http://localhost:3000/_next/static/chunks/main-app.js?v=1784712405956 → pending (?ms, ?B)
[2026-07-22T09:26:46.085Z] GET http://localhost:3000/_next/static/chunks/app-pages-internals.js → 200 (27ms, 132923B)
[2026-07-22T09:26:46.085Z] GET http://localhost:3000/_next/static/chunks/app/dashboard/settings/page.js → 200 (242ms, 3789778B)
[2026-07-22T09:26:46.085Z] GET http://localhost:3000/_next/static/chunks/app/dashboard/settings/layout.js → 200 (43ms, 655258B)
[2026-07-22T09:26:46.085Z] GET http://localhost:3000/_next/static/chunks/app/dashboard/layout.js → 200 (242ms, ?B)
[2026-07-22T09:26:46.085Z] GET http://localhost:3000/_next/static/chunks/app/dashboard/template.js → 200 (107ms, 1867855B)
[2026-07-22T09:26:46.085Z] GET http://localhost:3000/_next/static/chunks/app/layout.js → 200 (40ms, 234170B)
[2026-07-22T09:26:47.071Z] GET http://localhost:8000/api/me → 200 (28ms, 143B)
[2026-07-22T09:26:47.072Z] GET http://localhost:8000/api/me → 200 (1ms, 143B)
[2026-07-22T09:26:47.102Z] GET http://localhost:8000/api/seller-knowledge → 200 (57ms, 9838B)
[2026-07-22T09:26:47.102Z] GET http://localhost:8000/api/seller-knowledge → 200 (25ms, 9838B)
[2026-07-22T09:27:14.243Z] GET http://localhost:3000/dashboard/settings → 200 (27ms, 8581B)
[2026-07-22T09:27:14.276Z] GET http://localhost:3000/_next/static/media/e4af272ccee01ff0-s.p.woff2 → 200 (?ms, ?B)
[2026-07-22T09:27:14.278Z] GET http://localhost:3000/_next/static/css/app/layout.css?v=1784712434252 → 200 (3ms, 75856B)
[2026-07-22T09:27:14.278Z] GET http://localhost:3000/_next/static/chunks/webpack.js?v=1784712434252 → 200 (13ms, 56325B)
[2026-07-22T09:27:14.278Z] GET http://localhost:3000/_next/static/chunks/main-app.js?v=1784712434252 → pending (?ms, ?B)
[2026-07-22T09:27:14.278Z] GET http://localhost:3000/_next/static/chunks/app-pages-internals.js → 200 (31ms, 132923B)
[2026-07-22T09:27:14.278Z] GET http://localhost:3000/_next/static/chunks/app/dashboard/settings/page.js → 200 (220ms, 3789778B)
[2026-07-22T09:27:14.278Z] GET http://localhost:3000/_next/static/chunks/app/dashboard/settings/layout.js → 200 (48ms, 655258B)
[2026-07-22T09:27:14.278Z] GET http://localhost:3000/_next/static/chunks/app/dashboard/layout.js → 200 (220ms, ?B)
[2026-07-22T09:27:14.279Z] GET http://localhost:3000/_next/static/chunks/app/dashboard/template.js → 200 (106ms, 1867855B)
[2026-07-22T09:27:14.279Z] GET http://localhost:3000/_next/static/chunks/app/layout.js → 200 (48ms, 234170B)
[2026-07-22T09:27:15.225Z] GET http://localhost:8000/api/me → 200 (27ms, 143B)
[2026-07-22T09:27:15.225Z] GET http://localhost:8000/api/me → 200 (2ms, 143B)
[2026-07-22T09:27:15.257Z] GET http://localhost:8000/api/seller-knowledge → 200 (25ms, 9838B)
[2026-07-22T09:27:15.257Z] GET http://localhost:8000/api/seller-knowledge → 200 (7ms, 9838B)
[2026-07-22T09:27:21.082Z] GET http://localhost:3000/dashboard/settings → 200 (26ms, 8581B)
[2026-07-22T09:27:21.114Z] GET http://localhost:3000/_next/static/media/e4af272ccee01ff0-s.p.woff2 → 200 (2ms, ?B)
[2026-07-22T09:27:21.116Z] GET http://localhost:3000/_next/static/css/app/layout.css?v=1784712441091 → 200 (1ms, 75856B)
[2026-07-22T09:27:21.116Z] GET http://localhost:3000/_next/static/chunks/webpack.js?v=1784712441091 → 200 (9ms, 56325B)
[2026-07-22T09:27:21.116Z] GET http://localhost:3000/_next/static/chunks/main-app.js?v=1784712441091 → pending (?ms, ?B)
[2026-07-22T09:27:21.116Z] GET http://localhost:3000/_next/static/chunks/app-pages-internals.js → 200 (28ms, 132923B)
[2026-07-22T09:27:21.116Z] GET http://localhost:3000/_next/static/chunks/app/dashboard/settings/page.js → 200 (219ms, 3789778B)
[2026-07-22T09:27:21.116Z] GET http://localhost:3000/_next/static/chunks/app/dashboard/settings/layout.js → 200 (43ms, 655258B)
[2026-07-22T09:27:21.116Z] GET http://localhost:3000/_next/static/chunks/app/dashboard/layout.js → 200 (219ms, ?B)
[2026-07-22T09:27:21.116Z] GET http://localhost:3000/_next/static/chunks/app/dashboard/template.js → 200 (93ms, 1867855B)
[2026-07-22T09:27:21.116Z] GET http://localhost:3000/_next/static/chunks/app/layout.js → 200 (93ms, 234170B)
[2026-07-22T09:27:22.071Z] GET http://localhost:8000/api/me → 200 (22ms, 143B)
[2026-07-22T09:27:22.071Z] GET http://localhost:8000/api/me → 200 (3ms, 143B)
[2026-07-22T09:27:22.102Z] GET http://localhost:8000/api/seller-knowledge → 200 (21ms, 9838B)
[2026-07-22T09:27:22.103Z] GET http://localhost:8000/api/seller-knowledge → 200 (7ms, 9838B)
